This file contains any messages produced by compilers while
running configure, to aid debugging if configure makes a mistake.

It was created by mongo-c-driver configure 1.6.3, which was
generated by GNU Autoconf 2.69.  Invocation command line was

  $ ./configure --disable-automatic-init-and-cleanup

## --------- ##
## Platform. ##
## --------- ##

hostname = cici-server2
uname -m = x86_64
uname -r = 5.4.0-132-generic
uname -s = Linux
uname -v = #148-Ubuntu SMP Mon Oct 17 16:02:06 UTC 2022

/usr/bin/uname -p = x86_64
/bin/uname -X     = unknown

/bin/arch              = x86_64
/usr/bin/arch -k       = unknown
/usr/convex/getsysinfo = unknown
/usr/bin/hostinfo      = unknown
/bin/machine           = unknown
/usr/bin/oslevel       = unknown
/bin/universe          = unknown

PATH: /usr/local/sbin
PATH: /usr/local/bin
PATH: /usr/sbin
PATH: /usr/bin
PATH: /sbin
PATH: /bin
PATH: /usr/games
PATH: /usr/local/games
PATH: /snap/bin


## ----------- ##
## Core tests. ##
## ----------- ##

configure:2635: Current version (from VERSION_CURRENT file): 1.6.3
configure:2761: checking for gcc
configure:2777: found /usr/bin/gcc
configure:2788: result: gcc
configure:3017: checking for C compiler version
configure:3026: gcc --version >&5
gcc (Ubuntu 9.4.0-1ubuntu1~20.04.1) 9.4.0
Copyright (C) 2019 Free Software Foundation, Inc.
This is free software; see the source for copying conditions.  There is NO
warranty; not even for MERCHANTABILITY or FITNESS FOR A PARTICULAR PURPOSE.

configure:3037: $? = 0
configure:3026: gcc -v >&5
Using built-in specs.
COLLECT_GCC=gcc
COLLECT_LTO_WRAPPER=/usr/lib/gcc/x86_64-linux-gnu/9/lto-wrapper
OFFLOAD_TARGET_NAMES=nvptx-none:hsa
OFFLOAD_TARGET_DEFAULT=1
Target: x86_64-linux-gnu
Configured with: ../src/configure -v --with-pkgversion='Ubuntu 9.4.0-1ubuntu1~20.04.1' --with-bugurl=file:///usr/share/doc/gcc-9/README.Bugs --enable-languages=c,ada,c++,go,brig,d,fortran,objc,obj-c++,gm2 --prefix=/usr --with-gcc-major-version-only --program-suffix=-9 --program-prefix=x86_64-linux-gnu- --enable-shared --enable-linker-build-id --libexecdir=/usr/lib --without-included-gettext --enable-threads=posix --libdir=/usr/lib --enable-nls --enable-clocale=gnu --enable-libstdcxx-debug --enable-libstdcxx-time=yes --with-default-libstdcxx-abi=new --enable-gnu-unique-object --disable-vtable-verify --enable-plugin --enable-default-pie --with-system-zlib --with-target-system-zlib=auto --enable-objc-gc=auto --enable-multiarch --disable-werror --with-arch-32=i686 --with-abi=m64 --with-multilib-list=m32,m64,mx32 --enable-multilib --with-tune=generic --enable-offload-targets=nvptx-none=/build/gcc-9-Av3uEd/gcc-9-9.4.0/debian/tmp-nvptx/usr,hsa --without-cuda-driver --enable-checking=release --build=x86_64-linux-gnu --host=x86_64-linux-gnu --target=x86_64-linux-gnu
Thread model: posix
gcc version 9.4.0 (Ubuntu 9.4.0-1ubuntu1~20.04.1) 
configure:3037: $? = 0
configure:3026: gcc -V >&5
gcc: error: unrecognized command line option '-V'
gcc: fatal error: no input files
compilation terminated.
configure:3037: $? = 1
configure:3026: gcc -qversion >&5
gcc: error: unrecognized command line option '-qversion'; did you mean '--version'?
gcc: fatal error: no input files
compilation terminated.
configure:3037: $? = 1
configure:3057: checking whether the C compiler works
configure:3079: gcc    conftest.c  >&5
configure:3083: $? = 0
configure:3131: result: yes
configure:3134: checking for C compiler default output file name
configure:3136: result: a.out
configure:3142: checking for suffix of executables
configure:3149: gcc -o conftest    conftest.c  >&5
configure:3153: $? = 0
configure:3175: result: 
configure:3197: checking whether we are cross compiling
configure:3205: gcc -o conftest    conftest.c  >&5
configure:3209: $? = 0
configure:3216: ./conftest
configure:3220: $? = 0
configure:3208: result: no
configure:3213: checking for suffix of object files
configure:3235: gcc -c   conftest.c >&5
configure:3239: $? = 0
configure:3260: result: o
configure:3264: checking whether we are using the GNU C compiler
configure:3283: gcc -c   conftest.c >&5
configure:3283: $? = 0
configure:3292: result: yes
configure:3301: checking whether gcc accepts -g
configure:3321: gcc -c -g  conftest.c >&5
configure:3321: $? = 0
configure:3362: result: yes
configure:3379: checking for gcc option to accept ISO C89
configure:3442: gcc  -c   conftest.c >&5
configure:3442: $? = 0
configure:3455: result: none needed
configure:3483: checking whether gcc understands -c and -o together
configure:3505: gcc -c conftest.c -o conftest2.o
configure:3508: $? = 0
configure:3505: gcc -c conftest.c -o conftest2.o
configure:3508: $? = 0
configure:3520: result: yes
configure:3595: checking for g++
configure:3611: found /usr/bin/g++
configure:3622: result: g++
configure:3649: checking for C++ compiler version
configure:3658: g++ --version >&5
g++ (Ubuntu 9.4.0-1ubuntu1~20.04.1) 9.4.0
Copyright (C) 2019 Free Software Foundation, Inc.
This is free software; see the source for copying conditions.  There is NO
warranty; not even for MERCHANTABILITY or FITNESS FOR A PARTICULAR PURPOSE.

configure:3669: $? = 0
configure:3658: g++ -v >&5
Using built-in specs.
COLLECT_GCC=g++
COLLECT_LTO_WRAPPER=/usr/lib/gcc/x86_64-linux-gnu/9/lto-wrapper
OFFLOAD_TARGET_NAMES=nvptx-none:hsa
OFFLOAD_TARGET_DEFAULT=1
Target: x86_64-linux-gnu
Configured with: ../src/configure -v --with-pkgversion='Ubuntu 9.4.0-1ubuntu1~20.04.1' --with-bugurl=file:///usr/share/doc/gcc-9/README.Bugs --enable-languages=c,ada,c++,go,brig,d,fortran,objc,obj-c++,gm2 --prefix=/usr --with-gcc-major-version-only --program-suffix=-9 --program-prefix=x86_64-linux-gnu- --enable-shared --enable-linker-build-id --libexecdir=/usr/lib --without-included-gettext --enable-threads=posix --libdir=/usr/lib --enable-nls --enable-clocale=gnu --enable-libstdcxx-debug --enable-libstdcxx-time=yes --with-default-libstdcxx-abi=new --enable-gnu-unique-object --disable-vtable-verify --enable-plugin --enable-default-pie --with-system-zlib --with-target-system-zlib=auto --enable-objc-gc=auto --enable-multiarch --disable-werror --with-arch-32=i686 --with-abi=m64 --with-multilib-list=m32,m64,mx32 --enable-multilib --with-tune=generic --enable-offload-targets=nvptx-none=/build/gcc-9-Av3uEd/gcc-9-9.4.0/debian/tmp-nvptx/usr,hsa --without-cuda-driver --enable-checking=release --build=x86_64-linux-gnu --host=x86_64-linux-gnu --target=x86_64-linux-gnu
Thread model: posix
gcc version 9.4.0 (Ubuntu 9.4.0-1ubuntu1~20.04.1) 
configure:3669: $? = 0
configure:3658: g++ -V >&5
g++: error: unrecognized command line option '-V'
g++: fatal error: no input files
compilation terminated.
configure:3669: $? = 1
configure:3658: g++ -qversion >&5
g++: error: unrecognized command line option '-qversion'; did you mean '--version'?
g++: fatal error: no input files
compilation terminated.
configure:3669: $? = 1
configure:3673: checking whether we are using the GNU C++ compiler
configure:3692: g++ -c   conftest.cpp >&5
configure:3692: $? = 0
configure:3701: result: yes
configure:3710: checking whether g++ accepts -g
configure:3730: g++ -c -g  conftest.cpp >&5
configure:3730: $? = 0
configure:3771: result: yes
configure:3827: gcc -c   conftest.c >&5
configure:3827: $? = 0
configure:3851: gcc -c   conftest.c >&5
configure:3851: $? = 0
configure:3870: gcc -c   conftest.c >&5
conftest.c:11:2: error: #error Not a supported Sun compiler
   11 | #error Not a supported Sun compiler
      |  ^~~~~
configure:3870: $? = 1
configure: failed program was:
| /* confdefs.h */
| #define PACKAGE_NAME "mongo-c-driver"
| #define PACKAGE_TARNAME "mongo-c-driver"
| #define PACKAGE_VERSION "1.6.3"
| #define PACKAGE_STRING "mongo-c-driver 1.6.3"
| #define PACKAGE_BUGREPORT "https://jira.mongodb.org/browse/CDRIVER"
| #define PACKAGE_URL ""
| /* end confdefs.h.  */
| 
| #if !(defined(__SUNPRO_C))
| #error Not a supported Sun compiler
| #endif
| 
| int
| main ()
| {
| 
|   ;
|   return 0;
| }
configure:3896: checking accept ARG2 => struct sockaddr ARG3 => socklen_t 
configure:3916: gcc -c   -Werror conftest.c >&5
configure:3916: $? = 0
configure:3919: result: ok
configure:4310: gcc -c   conftest.c >&5
configure:4310: $? = 0
configure:4318: checking for an ANSI C-conforming const
configure:4384: gcc -c   conftest.c >&5
configure:4384: $? = 0
configure:4391: result: yes
configure:4399: checking for inline
configure:4415: gcc -c   conftest.c >&5
configure:4415: $? = 0
configure:4423: result: inline
configure:4442: checking for typeof syntax and keyword spelling
configure:4473: gcc -c   conftest.c >&5
configure:4473: $? = 0
configure:4480: result: typeof
configure:4498: checking for perl
configure:4516: found /usr/bin/perl
configure:4528: result: /usr/bin/perl
configure:4542: checking for mv
configure:4560: found /usr/bin/mv
configure:4572: result: /usr/bin/mv
configure:4586: checking for grep
configure:4604: found /usr/bin/grep
configure:4616: result: /usr/bin/grep
configure:4633: checking how to run the C preprocessor
configure:4664: gcc -E  conftest.c
configure:4664: $? = 0
configure:4678: gcc -E  conftest.c
conftest.c:12:10: fatal error: ac_nonexistent.h: No such file or directory
   12 | #include <ac_nonexistent.h>
      |          ^~~~~~~~~~~~~~~~~~
compilation terminated.
configure:4678: $? = 1
configure: failed program was:
| /* confdefs.h */
| #define PACKAGE_NAME "mongo-c-driver"
| #define PACKAGE_TARNAME "mongo-c-driver"
| #define PACKAGE_VERSION "1.6.3"
| #define PACKAGE_STRING "mongo-c-driver 1.6.3"
| #define PACKAGE_BUGREPORT "https://jira.mongodb.org/browse/CDRIVER"
| #define PACKAGE_URL ""
| #define ACCEPT_ARG2 struct sockaddr
| #define ACCEPT_ARG3 socklen_t
| #define HAVE_TYPEOF 1
| /* end confdefs.h.  */
| #include <ac_nonexistent.h>
configure:4703: result: gcc -E
configure:4723: gcc -E  conftest.c
configure:4723: $? = 0
configure:4737: gcc -E  conftest.c
conftest.c:12:10: fatal error: ac_nonexistent.h: No such file or directory
   12 | #include <ac_nonexistent.h>
      |          ^~~~~~~~~~~~~~~~~~
compilation terminated.
configure:4737: $? = 1
configure: failed program was:
| /* confdefs.h */
| #define PACKAGE_NAME "mongo-c-driver"
| #define PACKAGE_TARNAME "mongo-c-driver"
| #define PACKAGE_VERSION "1.6.3"
| #define PACKAGE_STRING "mongo-c-driver 1.6.3"
| #define PACKAGE_BUGREPORT "https://jira.mongodb.org/browse/CDRIVER"
| #define PACKAGE_URL ""
| #define ACCEPT_ARG2 struct sockaddr
| #define ACCEPT_ARG3 socklen_t
| #define HAVE_TYPEOF 1
| /* end confdefs.h.  */
| #include <ac_nonexistent.h>
configure:4766: checking for grep that handles long lines and -e
configure:4824: result: /usr/bin/grep
configure:4829: checking for egrep
configure:4891: result: /usr/bin/grep -E
configure:4896: checking for ANSI C header files
configure:4916: gcc -c   conftest.c >&5
configure:4916: $? = 0
configure:4989: gcc -o conftest    conftest.c  >&5
configure:4989: $? = 0
configure:4989: ./conftest
configure:4989: $? = 0
configure:5000: result: yes
configure:5013: checking for sys/types.h
configure:5013: gcc -c   conftest.c >&5
configure:5013: $? = 0
configure:5013: result: yes
configure:5013: checking for sys/stat.h
configure:5013: gcc -c   conftest.c >&5
configure:5013: $? = 0
configure:5013: result: yes
configure:5013: checking for stdlib.h
configure:5013: gcc -c   conftest.c >&5
configure:5013: $? = 0
configure:5013: result: yes
configure:5013: checking for string.h
configure:5013: gcc -c   conftest.c >&5
configure:5013: $? = 0
configure:5013: result: yes
configure:5013: checking for memory.h
configure:5013: gcc -c   conftest.c >&5
configure:5013: $? = 0
configure:5013: result: yes
configure:5013: checking for strings.h
configure:5013: gcc -c   conftest.c >&5
configure:5013: $? = 0
configure:5013: result: yes
configure:5013: checking for inttypes.h
configure:5013: gcc -c   conftest.c >&5
configure:5013: $? = 0
configure:5013: result: yes
configure:5013: checking for stdint.h
configure:5013: gcc -c   conftest.c >&5
configure:5013: $? = 0
configure:5013: result: yes
configure:5013: checking for unistd.h
configure:5013: gcc -c   conftest.c >&5
configure:5013: $? = 0
configure:5013: result: yes
configure:5031: checking for strings.h
configure:5031: result: yes
configure:5049: checking for sphinx-build
configure:5082: result: no
configure:5102: checking for a BSD-compatible install
configure:5170: result: /usr/bin/install -c
configure:5187: checking build system type
configure:5201: result: x86_64-pc-linux-gnu
configure:5221: checking host system type
configure:5234: result: x86_64-pc-linux-gnu
configure:5309: checking target system type
configure:5322: result: x86_64-pc-linux-gnu
configure:5763: checking how to print strings
configure:5790: result: printf
configure:5811: checking for a sed that does not truncate output
configure:5875: result: /usr/bin/sed
configure:5893: checking for fgrep
configure:5955: result: /usr/bin/grep -F
configure:5990: checking for ld used by gcc
configure:6057: result: /usr/bin/ld
configure:6064: checking if the linker (/usr/bin/ld) is GNU ld
configure:6079: result: yes
configure:6091: checking for BSD- or MS-compatible name lister (nm)
configure:6145: result: /usr/bin/nm -B
configure:6275: checking the name lister (/usr/bin/nm -B) interface
configure:6282: gcc -c   conftest.c >&5
configure:6285: /usr/bin/nm -B "conftest.o"
configure:6288: output
0000000000000000 B some_variable
configure:6289: result: BSD nm
configure:6292: checking whether ln -s works
configure:6296: result: yes
configure:6304: checking the maximum length of command line arguments
configure:6435: result: 1572864
configure:6483: checking how to convert x86_64-pc-linux-gnu file names to x86_64-pc-linux-gnu format
configure:6523: result: func_convert_file_noop
configure:6530: checking how to convert x86_64-pc-linux-gnu file names to toolchain format
configure:6550: result: func_convert_file_noop
configure:6557: checking for /usr/bin/ld option to reload object files
configure:6564: result: -r
configure:6638: checking for objdump
configure:6665: result: objdump
configure:6694: checking how to recognize dependent libraries
configure:6894: result: pass_all
configure:6979: checking for dlltool
configure:7006: result: dlltool
configure:7036: checking how to associate runtime and link libraries
configure:7063: result: printf %s\n
configure:7123: checking for ar
configure:7139: found /usr/bin/ar
configure:7150: result: ar
configure:7187: checking for archiver @FILE support
configure:7204: gcc -c   conftest.c >&5
configure:7204: $? = 0
configure:7207: ar cru libconftest.a @conftest.lst >&5
ar: `u' modifier ignored since `D' is the default (see `U')
configure:7210: $? = 0
configure:7215: ar cru libconftest.a @conftest.lst >&5
ar: `u' modifier ignored since `D' is the default (see `U')
ar: conftest.o: No such file or directory
configure:7218: $? = 1
configure:7217: result: @
configure:7275: checking for strip
configure:7291: found /usr/bin/strip
configure:7302: result: strip
configure:7374: checking for ranlib
configure:7390: found /usr/bin/ranlib
configure:7401: result: ranlib
configure:7478: checking for gawk
configure:7494: found /usr/bin/gawk
configure:7505: result: gawk
configure:7545: checking command to parse /usr/bin/nm -B output from gcc object
configure:7698: gcc -c   conftest.c >&5
configure:7701: $? = 0
configure:7705: /usr/bin/nm -B conftest.o \| sed -n -e 's/^.*[ ]\([ABCDGIRSTW][ABCDGIRSTW]*\)[ ][ ]*\([_A-Za-z][_A-Za-z0-9]*\)$/\1 \2 \2/p' | sed '/ __gnu_lto/d' \> conftest.nm
configure:7708: $? = 0
configure:7774: gcc -o conftest    conftest.c conftstm.o >&5
configure:7777: $? = 0
configure:7815: result: ok
configure:7862: checking for sysroot
configure:7892: result: no
configure:7899: checking for a working dd
configure:7937: result: /usr/bin/dd
configure:7941: checking how to truncate binary pipes
configure:7956: result: /usr/bin/dd bs=4096 count=1
configure:8092: gcc -c   conftest.c >&5
configure:8095: $? = 0
configure:8285: checking for mt
configure:8301: found /usr/bin/mt
configure:8312: result: mt
configure:8335: checking if mt is a manifest tool
configure:8341: mt '-?'
configure:8349: result: no
configure:9023: checking for dlfcn.h
configure:9023: gcc -c   conftest.c >&5
configure:9023: $? = 0
configure:9023: result: yes
configure:9258: checking for objdir
configure:9273: result: .libs
configure:9537: checking if gcc supports -fno-rtti -fno-exceptions
configure:9555: gcc -c   -fno-rtti -fno-exceptions conftest.c >&5
cc1: warning: command line option '-fno-rtti' is valid for C++/D/ObjC++ but not for C
configure:9559: $? = 0
configure:9572: result: no
configure:9930: checking for gcc option to produce PIC
configure:9937: result: -fPIC -DPIC
configure:9945: checking if gcc PIC flag -fPIC -DPIC works
configure:9963: gcc -c   -fPIC -DPIC -DPIC conftest.c >&5
configure:9967: $? = 0
configure:9980: result: yes
configure:10009: checking if gcc static flag -static works
configure:10037: result: yes
configure:10052: checking if gcc supports -c -o file.o
configure:10073: gcc -c   -o out/conftest2.o conftest.c >&5
configure:10077: $? = 0
configure:10099: result: yes
configure:10107: checking if gcc supports -c -o file.o
configure:10154: result: yes
configure:10187: checking whether the gcc linker (/usr/bin/ld -m elf_x86_64) supports shared libraries
configure:11450: result: yes
configure:11487: checking whether -lc should be explicitly linked in
configure:11495: gcc -c   conftest.c >&5
configure:11498: $? = 0
configure:11513: gcc -shared  -fPIC -DPIC conftest.o  -v -Wl,-soname -Wl,conftest -o conftest 2\>\&1 \| /usr/bin/grep  -lc  \>/dev/null 2\>\&1
configure:11516: $? = 0
configure:11530: result: no
configure:11690: checking dynamic linker characteristics
configure:12271: gcc -o conftest    -Wl,-rpath -Wl,/foo conftest.c  >&5
configure:12271: $? = 0
configure:12520: result: GNU/Linux ld.so
configure:12642: checking how to hardcode library paths into programs
configure:12667: result: immediate
configure:13215: checking whether stripping libraries is possible
configure:13220: result: yes
configure:13255: checking if libtool supports shared libraries
configure:13257: result: yes
configure:13260: checking whether to build shared libraries
configure:13285: result: yes
configure:13288: checking whether to build static libraries
configure:13292: result: no
configure:10091: checking how to run the C++ preprocessor
configure:10118: g++ -E  conftest.cpp
configure:10118: $? = 0
configure:10132: g++ -E  conftest.cpp
conftest.cpp:25:10: fatal error: ac_nonexistent.h: No such file or directory
   25 | #include <ac_nonexistent.h>
      |          ^~~~~~~~~~~~~~~~~~
compilation terminated.
configure:10132: $? = 1
configure: failed program was:
| /* confdefs.h */
| #define PACKAGE_NAME "mongo-c-driver"
| #define PACKAGE_TARNAME "mongo-c-driver"
| #define PACKAGE_VERSION "1.6.3"
| #define PACKAGE_STRING "mongo-c-driver 1.6.3"
| #define PACKAGE_BUGREPORT "https://jira.mongodb.org/browse/CDRIVER"
| #define PACKAGE_URL ""
| #define ACCEPT_ARG2 struct sockaddr
| #define ACCEPT_ARG3 socklen_t
| #define HAVE_TYPEOF 1
| #define STDC_HEADERS 1
| #define HAVE_SYS_TYPES_H 1
| #define HAVE_SYS_STAT_H 1
| #define HAVE_STDLIB_H 1
| #define HAVE_STRING_H 1
| #define HAVE_MEMORY_H 1
| #define HAVE_STRINGS_H 1
| #define HAVE_INTTYPES_H 1
| #define HAVE_STDINT_H 1
| #define HAVE_UNISTD_H 1
| #define HAVE_STRINGS_H 1
| #define HAVE_DLFCN_H 1
| #define LT_OBJDIR ".libs/"
| /* end confdefs.h.  */
| #include <ac_nonexistent.h>
configure:10157: result: g++ -E
configure:10177: g++ -E  conftest.cpp
configure:10177: $? = 0
configure:10191: g++ -E  conftest.cpp
conftest.cpp:25:10: fatal error: ac_nonexistent.h: No such file or directory
   25 | #include <ac_nonexistent.h>
      |          ^~~~~~~~~~~~~~~~~~
compilation terminated.
configure:10191: $? = 1
configure: failed program was:
| /* confdefs.h */
| #define PACKAGE_NAME "mongo-c-driver"
| #define PACKAGE_TARNAME "mongo-c-driver"
| #define PACKAGE_VERSION "1.6.3"
| #define PACKAGE_STRING "mongo-c-driver 1.6.3"
| #define PACKAGE_BUGREPORT "https://jira.mongodb.org/browse/CDRIVER"
| #define PACKAGE_URL ""
| #define ACCEPT_ARG2 struct sockaddr
| #define ACCEPT_ARG3 socklen_t
| #define HAVE_TYPEOF 1
| #define STDC_HEADERS 1
| #define HAVE_SYS_TYPES_H 1
| #define HAVE_SYS_STAT_H 1
| #define HAVE_STDLIB_H 1
| #define HAVE_STRING_H 1
| #define HAVE_MEMORY_H 1
| #define HAVE_STRINGS_H 1
| #define HAVE_INTTYPES_H 1
| #define HAVE_STDINT_H 1
| #define HAVE_UNISTD_H 1
| #define HAVE_STRINGS_H 1
| #define HAVE_DLFCN_H 1
| #define LT_OBJDIR ".libs/"
| /* end confdefs.h.  */
| #include <ac_nonexistent.h>
configure:10353: checking for ld used by g++
configure:10420: result: /usr/bin/ld -m elf_x86_64
configure:10427: checking if the linker (/usr/bin/ld -m elf_x86_64) is GNU ld
configure:10442: result: yes
configure:10497: checking whether the g++ linker (/usr/bin/ld -m elf_x86_64) supports shared libraries
configure:11570: result: yes
configure:11606: g++ -c   conftest.cpp >&5
configure:11609: $? = 0
configure:12090: checking for g++ option to produce PIC
configure:12097: result: -fPIC -DPIC
configure:12105: checking if g++ PIC flag -fPIC -DPIC works
configure:12123: g++ -c   -fPIC -DPIC -DPIC conftest.cpp >&5
configure:12127: $? = 0
configure:12140: result: yes
configure:12163: checking if g++ static flag -static works
configure:12191: result: yes
configure:12203: checking if g++ supports -c -o file.o
configure:12224: g++ -c   -o out/conftest2.o conftest.cpp >&5
configure:12228: $? = 0
configure:12250: result: yes
configure:12255: checking if g++ supports -c -o file.o
configure:12302: result: yes
configure:12332: checking whether the g++ linker (/usr/bin/ld -m elf_x86_64) supports shared libraries
configure:12375: result: yes
configure:12516: checking dynamic linker characteristics
configure:13273: result: GNU/Linux ld.so
configure:13338: checking how to hardcode library paths into programs
configure:13363: result: immediate
configure:12258: checking whether to do a debug build
configure:12267: result: no
configure:12270: checking whether to enable tracing
configure:12279: result: no
configure:12282: checking whether to automatic init and cleanup
configure:12291: result: no
configure:12294: checking whether to enable optimized builds
configure:12309: result: yes
configure:12312: checking whether to enable shared memory performance counters
configure:12321: result: yes
configure:12324: checking whether to enable code coverage support
configure:12333: result: no
configure:12336: checking whether to enable debug symbols
configure:12357: result: no
configure:12492: checking for pkg-config
configure:12510: found /usr/bin/pkg-config
configure:12522: result: /usr/bin/pkg-config
configure:12547: checking pkg-config is at least version 0.9.0
configure:12550: result: yes
configure:12562: checking for SASL
configure:12569: $PKG_CONFIG --exists --print-errors "libsasl2"
configure:12572: $? = 0
configure:12586: $PKG_CONFIG --exists --print-errors "libsasl2"
configure:12589: $? = 0
configure:12861: result: yes
configure:12871: checking sasl/sasl.h usability
configure:12871: gcc -c   conftest.c >&5
configure:12871: $? = 0
configure:12871: result: yes
configure:12871: checking sasl/sasl.h presence
configure:12871: gcc -E  conftest.c
configure:12871: $? = 0
configure:12871: result: yes
configure:12871: checking for sasl/sasl.h
configure:12871: result: yes
configure:12909: checking for sasl_client_done in -lsasl2
configure:12934: gcc -o conftest    conftest.c -lsasl2   >&5
configure:12934: $? = 0
configure:12943: result: yes
configure:12971: checking whether to enable crypto and TLS
configure:12980: result: auto
configure:12983: checking whether to use system crypto profile
configure:12992: result: no
configure:13001: checking for SSL
configure:13008: $PKG_CONFIG --exists --print-errors "openssl"
configure:13011: $? = 0
configure:13025: $PKG_CONFIG --exists --print-errors "openssl"
configure:13028: $? = 0
configure:13264: result: yes
configure:13325: checking openssl/bio.h usability
configure:13325: gcc -c   conftest.c >&5
configure:13325: $? = 0
configure:13325: result: yes
configure:13325: checking openssl/bio.h presence
configure:13325: gcc -E  conftest.c
configure:13325: $? = 0
configure:13325: result: yes
configure:13325: checking for openssl/bio.h
configure:13325: result: yes
configure:13325: checking openssl/ssl.h usability
configure:13325: gcc -c   conftest.c >&5
configure:13325: $? = 0
configure:13325: result: yes
configure:13325: checking openssl/ssl.h presence
configure:13325: gcc -E  conftest.c
configure:13325: $? = 0
configure:13325: result: yes
configure:13325: checking for openssl/ssl.h
configure:13325: result: yes
configure:13325: checking openssl/err.h usability
configure:13325: gcc -c   conftest.c >&5
configure:13325: $? = 0
configure:13325: result: yes
configure:13325: checking openssl/err.h presence
configure:13325: gcc -E  conftest.c
configure:13325: $? = 0
configure:13325: result: yes
configure:13325: checking for openssl/err.h
configure:13325: result: yes
configure:13325: checking openssl/crypto.h usability
configure:13325: gcc -c   conftest.c >&5
configure:13325: $? = 0
configure:13325: result: yes
configure:13325: checking openssl/crypto.h presence
configure:13325: gcc -E  conftest.c
configure:13325: $? = 0
configure:13325: result: yes
configure:13325: checking for openssl/crypto.h
configure:13325: result: yes
configure:13359: checking which TLS library to use
configure:13361: result: openssl
configure:13534: checking for BSON
configure:13541: $PKG_CONFIG --exists --print-errors "libbson-1.0 >= $MONGOC_RELEASED_VERSION"
Package libbson-1.0 was not found in the pkg-config search path.
Perhaps you should add the directory containing `libbson-1.0.pc'
to the PKG_CONFIG_PATH environment variable
No package 'libbson-1.0' found
configure:13544: $? = 1
configure:13558: $PKG_CONFIG --exists --print-errors "libbson-1.0 >= $MONGOC_RELEASED_VERSION"
Package libbson-1.0 was not found in the pkg-config search path.
Perhaps you should add the directory containing `libbson-1.0.pc'
to the PKG_CONFIG_PATH environment variable
No package 'libbson-1.0' found
configure:13561: $? = 1
configure:13575: result: no
No package 'libbson-1.0' found
configure:13616: checking for shm_open
configure:13616: gcc -o conftest    conftest.c  >&5
/usr/bin/ld: /tmp/ccFSpD0J.o: in function `main':
conftest.c:(.text+0xe): undefined reference to `shm_open'
collect2: error: ld returned 1 exit status
configure:13616: $? = 1
configure: failed program was:
| /* confdefs.h */
| #define PACKAGE_NAME "mongo-c-driver"
| #define PACKAGE_TARNAME "mongo-c-driver"
| #define PACKAGE_VERSION "1.6.3"
| #define PACKAGE_STRING "mongo-c-driver 1.6.3"
| #define PACKAGE_BUGREPORT "https://jira.mongodb.org/browse/CDRIVER"
| #define PACKAGE_URL ""
| #define ACCEPT_ARG2 struct sockaddr
| #define ACCEPT_ARG3 socklen_t
| #define HAVE_TYPEOF 1
| #define STDC_HEADERS 1
| #define HAVE_SYS_TYPES_H 1
| #define HAVE_SYS_STAT_H 1
| #define HAVE_STDLIB_H 1
| #define HAVE_STRING_H 1
| #define HAVE_MEMORY_H 1
| #define HAVE_STRINGS_H 1
| #define HAVE_INTTYPES_H 1
| #define HAVE_STDINT_H 1
| #define HAVE_UNISTD_H 1
| #define HAVE_STRINGS_H 1
| #define HAVE_DLFCN_H 1
| #define LT_OBJDIR ".libs/"
| #define HAVE_SASL_SASL_H 1
| #define HAVE_OPENSSL_BIO_H 1
| #define HAVE_OPENSSL_SSL_H 1
| #define HAVE_OPENSSL_ERR_H 1
| #define HAVE_OPENSSL_CRYPTO_H 1
| /* end confdefs.h.  */
| /* Define shm_open to an innocuous variant, in case <limits.h> declares shm_open.
|    For example, HP-UX 11i <limits.h> declares gettimeofday.  */
| #define shm_open innocuous_shm_open
| 
| /* System header to define __stub macros and hopefully few prototypes,
|     which can conflict with char shm_open (); below.
|     Prefer <limits.h> to <assert.h> if __STDC__ is defined, since
|     <limits.h> exists even on freestanding compilers.  */
| 
| #ifdef __STDC__
| # include <limits.h>
| #else
| # include <assert.h>
| #endif
| 
| #undef shm_open
| 
| /* Override any GCC internal prototype to avoid an error.
|    Use char because int might match the return type of a GCC
|    builtin and then its argument prototype would still apply.  */
| #ifdef __cplusplus
| extern "C"
| #endif
| char shm_open ();
| /* The GNU C library defines this for functions which it implements
|     to always fail with ENOSYS.  Some functions are actually named
|     something starting with __ and the normal name is an alias.  */
| #if defined __stub_shm_open || defined __stub___shm_open
| choke me
| #endif
| 
| int
| main ()
| {
| return shm_open ();
|   ;
|   return 0;
| }
configure:13616: result: no
configure:13623: checking for shm_open in -lrt
configure:13648: gcc -o conftest    conftest.c -lrt   >&5
configure:13648: $? = 0
configure:13657: result: yes
configure:13673: checking for sched_getcpu
configure:13673: gcc -o conftest    conftest.c  >&5
configure:13673: $? = 0
configure:13673: result: yes
configure:13684: checking for library containing clock_gettime
configure:13715: gcc -o conftest    conftest.c  >&5
configure:13715: $? = 0
configure:13732: result: none required
configure:13756: checking for socklen_t
configure:13756: gcc -c   -DMONGOC_ENABLE_SHM_COUNTERS conftest.c >&5
configure:13756: $? = 0
configure:13756: gcc -c   -DMONGOC_ENABLE_SHM_COUNTERS conftest.c >&5
conftest.c: In function 'main':
conftest.c:37:24: error: expected expression before ')' token
   37 | if (sizeof ((socklen_t)))
      |                        ^
configure:13756: $? = 1
configure: failed program was:
| /* confdefs.h */
| #define PACKAGE_NAME "mongo-c-driver"
| #define PACKAGE_TARNAME "mongo-c-driver"
| #define PACKAGE_VERSION "1.6.3"
| #define PACKAGE_STRING "mongo-c-driver 1.6.3"
| #define PACKAGE_BUGREPORT "https://jira.mongodb.org/browse/CDRIVER"
| #define PACKAGE_URL ""
| #define ACCEPT_ARG2 struct sockaddr
| #define ACCEPT_ARG3 socklen_t
| #define HAVE_TYPEOF 1
| #define STDC_HEADERS 1
| #define HAVE_SYS_TYPES_H 1
| #define HAVE_SYS_STAT_H 1
| #define HAVE_STDLIB_H 1
| #define HAVE_STRING_H 1
| #define HAVE_MEMORY_H 1
| #define HAVE_STRINGS_H 1
| #define HAVE_INTTYPES_H 1
| #define HAVE_STDINT_H 1
| #define HAVE_UNISTD_H 1
| #define HAVE_STRINGS_H 1
| #define HAVE_DLFCN_H 1
| #define LT_OBJDIR ".libs/"
| #define HAVE_SASL_SASL_H 1
| #define HAVE_OPENSSL_BIO_H 1
| #define HAVE_OPENSSL_SSL_H 1
| #define HAVE_OPENSSL_ERR_H 1
| #define HAVE_OPENSSL_CRYPTO_H 1
| #define HAVE_SCHED_GETCPU 1
| #define HAVE_CLOCK_GETTIME 1
| /* end confdefs.h.  */
| #include <sys/socket.h>
| 
| int
| main ()
| {
| if (sizeof ((socklen_t)))
| 	    return 0;
|   ;
|   return 0;
| }
configure:13756: result: yes
configure:13879: checking if compiler needs -Werror to reject unknown flags
configure:13895: gcc -c  -Werror -Wunknown-warning-option -Wsizeof-array-argument  -DMONGOC_ENABLE_SHM_COUNTERS conftest.c >&5
gcc: error: unrecognized command line option '-Wunknown-warning-option'
configure:13895: $? = 1
configure: failed program was:
| /* confdefs.h */
| #define PACKAGE_NAME "mongo-c-driver"
| #define PACKAGE_TARNAME "mongo-c-driver"
| #define PACKAGE_VERSION "1.6.3"
| #define PACKAGE_STRING "mongo-c-driver 1.6.3"
| #define PACKAGE_BUGREPORT "https://jira.mongodb.org/browse/CDRIVER"
| #define PACKAGE_URL ""
| #define ACCEPT_ARG2 struct sockaddr
| #define ACCEPT_ARG3 socklen_t
| #define HAVE_TYPEOF 1
| #define STDC_HEADERS 1
| #define HAVE_SYS_TYPES_H 1
| #define HAVE_SYS_STAT_H 1
| #define HAVE_STDLIB_H 1
| #define HAVE_STRING_H 1
| #define HAVE_MEMORY_H 1
| #define HAVE_STRINGS_H 1
| #define HAVE_INTTYPES_H 1
| #define HAVE_STDINT_H 1
| #define HAVE_UNISTD_H 1
| #define HAVE_STRINGS_H 1
| #define HAVE_DLFCN_H 1
| #define LT_OBJDIR ".libs/"
| #define HAVE_SASL_SASL_H 1
| #define HAVE_OPENSSL_BIO_H 1
| #define HAVE_OPENSSL_SSL_H 1
| #define HAVE_OPENSSL_ERR_H 1
| #define HAVE_OPENSSL_CRYPTO_H 1
| #define HAVE_SCHED_GETCPU 1
| #define HAVE_CLOCK_GETTIME 1
| /* end confdefs.h.  */
| int foo(void);
| int
| main ()
| {
| foo()
|   ;
|   return 0;
| }
configure:13900: result: no
configure:13966: checking for the pthreads library -lpthreads
configure:14004: gcc -o conftest     -DMONGOC_ENABLE_SHM_COUNTERS  conftest.c -lpthreads  >&5
/usr/bin/ld: cannot find -lpthreads
collect2: error: ld returned 1 exit status
configure:14004: $? = 1
configure: failed program was:
| /* confdefs.h */
| #define PACKAGE_NAME "mongo-c-driver"
| #define PACKAGE_TARNAME "mongo-c-driver"
| #define PACKAGE_VERSION "1.6.3"
| #define PACKAGE_STRING "mongo-c-driver 1.6.3"
| #define PACKAGE_BUGREPORT "https://jira.mongodb.org/browse/CDRIVER"
| #define PACKAGE_URL ""
| #define ACCEPT_ARG2 struct sockaddr
| #define ACCEPT_ARG3 socklen_t
| #define HAVE_TYPEOF 1
| #define STDC_HEADERS 1
| #define HAVE_SYS_TYPES_H 1
| #define HAVE_SYS_STAT_H 1
| #define HAVE_STDLIB_H 1
| #define HAVE_STRING_H 1
| #define HAVE_MEMORY_H 1
| #define HAVE_STRINGS_H 1
| #define HAVE_INTTYPES_H 1
| #define HAVE_STDINT_H 1
| #define HAVE_UNISTD_H 1
| #define HAVE_STRINGS_H 1
| #define HAVE_DLFCN_H 1
| #define LT_OBJDIR ".libs/"
| #define HAVE_SASL_SASL_H 1
| #define HAVE_OPENSSL_BIO_H 1
| #define HAVE_OPENSSL_SSL_H 1
| #define HAVE_OPENSSL_ERR_H 1
| #define HAVE_OPENSSL_CRYPTO_H 1
| #define HAVE_SCHED_GETCPU 1
| #define HAVE_CLOCK_GETTIME 1
| /* end confdefs.h.  */
| #include <pthread.h>
|                         static void routine(void *a) { a = 0; }
|                         static void *start_routine(void *a) { return a; }
| int
| main ()
| {
| pthread_t th; pthread_attr_t attr;
|                         pthread_create(&th, 0, start_routine, 0);
|                         pthread_join(th, 0);
|                         pthread_attr_init(&attr);
|                         pthread_cleanup_push(routine, 0);
|                         pthread_cleanup_pop(0) /* ; */
|   ;
|   return 0;
| }
configure:14013: result: no
configure:13911: checking whether pthreads work without any flags
configure:14004: gcc -o conftest     -DMONGOC_ENABLE_SHM_COUNTERS  conftest.c   >&5
/usr/bin/ld: /tmp/cc3GxzPf.o: in function `main':
conftest.c:(.text+0x63): undefined reference to `pthread_create'
/usr/bin/ld: conftest.c:(.text+0x77): undefined reference to `pthread_join'
/usr/bin/ld: conftest.c:(.text+0xf2): undefined reference to `__pthread_register_cancel'
/usr/bin/ld: conftest.c:(.text+0xfe): undefined reference to `__pthread_unregister_cancel'
collect2: error: ld returned 1 exit status
configure:14004: $? = 1
configure: failed program was:
| /* confdefs.h */
| #define PACKAGE_NAME "mongo-c-driver"
| #define PACKAGE_TARNAME "mongo-c-driver"
| #define PACKAGE_VERSION "1.6.3"
| #define PACKAGE_STRING "mongo-c-driver 1.6.3"
| #define PACKAGE_BUGREPORT "https://jira.mongodb.org/browse/CDRIVER"
| #define PACKAGE_URL ""
| #define ACCEPT_ARG2 struct sockaddr
| #define ACCEPT_ARG3 socklen_t
| #define HAVE_TYPEOF 1
| #define STDC_HEADERS 1
| #define HAVE_SYS_TYPES_H 1
| #define HAVE_SYS_STAT_H 1
| #define HAVE_STDLIB_H 1
| #define HAVE_STRING_H 1
| #define HAVE_MEMORY_H 1
| #define HAVE_STRINGS_H 1
| #define HAVE_INTTYPES_H 1
| #define HAVE_STDINT_H 1
| #define HAVE_UNISTD_H 1
| #define HAVE_STRINGS_H 1
| #define HAVE_DLFCN_H 1
| #define LT_OBJDIR ".libs/"
| #define HAVE_SASL_SASL_H 1
| #define HAVE_OPENSSL_BIO_H 1
| #define HAVE_OPENSSL_SSL_H 1
| #define HAVE_OPENSSL_ERR_H 1
| #define HAVE_OPENSSL_CRYPTO_H 1
| #define HAVE_SCHED_GETCPU 1
| #define HAVE_CLOCK_GETTIME 1
| /* end confdefs.h.  */
| #include <pthread.h>
|                         static void routine(void *a) { a = 0; }
|                         static void *start_routine(void *a) { return a; }
| int
| main ()
| {
| pthread_t th; pthread_attr_t attr;
|                         pthread_create(&th, 0, start_routine, 0);
|                         pthread_join(th, 0);
|                         pthread_attr_init(&attr);
|                         pthread_cleanup_push(routine, 0);
|                         pthread_cleanup_pop(0) /* ; */
|   ;
|   return 0;
| }
configure:14013: result: no
configure:13916: checking whether pthreads work with -Kthread
configure:14004: gcc -o conftest  -Kthread   -DMONGOC_ENABLE_SHM_COUNTERS  conftest.c   >&5
gcc: error: unrecognized command line option '-Kthread'; did you mean '-pthread'?
configure:14004: $? = 1
configure: failed program was:
| /* confdefs.h */
| #define PACKAGE_NAME "mongo-c-driver"
| #define PACKAGE_TARNAME "mongo-c-driver"
| #define PACKAGE_VERSION "1.6.3"
| #define PACKAGE_STRING "mongo-c-driver 1.6.3"
| #define PACKAGE_BUGREPORT "https://jira.mongodb.org/browse/CDRIVER"
| #define PACKAGE_URL ""
| #define ACCEPT_ARG2 struct sockaddr
| #define ACCEPT_ARG3 socklen_t
| #define HAVE_TYPEOF 1
| #define STDC_HEADERS 1
| #define HAVE_SYS_TYPES_H 1
| #define HAVE_SYS_STAT_H 1
| #define HAVE_STDLIB_H 1
| #define HAVE_STRING_H 1
| #define HAVE_MEMORY_H 1
| #define HAVE_STRINGS_H 1
| #define HAVE_INTTYPES_H 1
| #define HAVE_STDINT_H 1
| #define HAVE_UNISTD_H 1
| #define HAVE_STRINGS_H 1
| #define HAVE_DLFCN_H 1
| #define LT_OBJDIR ".libs/"
| #define HAVE_SASL_SASL_H 1
| #define HAVE_OPENSSL_BIO_H 1
| #define HAVE_OPENSSL_SSL_H 1
| #define HAVE_OPENSSL_ERR_H 1
| #define HAVE_OPENSSL_CRYPTO_H 1
| #define HAVE_SCHED_GETCPU 1
| #define HAVE_CLOCK_GETTIME 1
| /* end confdefs.h.  */
| #include <pthread.h>
|                         static void routine(void *a) { a = 0; }
|                         static void *start_routine(void *a) { return a; }
| int
| main ()
| {
| pthread_t th; pthread_attr_t attr;
|                         pthread_create(&th, 0, start_routine, 0);
|                         pthread_join(th, 0);
|                         pthread_attr_init(&attr);
|                         pthread_cleanup_push(routine, 0);
|                         pthread_cleanup_pop(0) /* ; */
|   ;
|   return 0;
| }
configure:14013: result: no
configure:13916: checking whether pthreads work with -kthread
configure:14004: gcc -o conftest  -kthread   -DMONGOC_ENABLE_SHM_COUNTERS  conftest.c   >&5
gcc: error: unrecognized command line option '-kthread'; did you mean '-pthread'?
configure:14004: $? = 1
configure: failed program was:
| /* confdefs.h */
| #define PACKAGE_NAME "mongo-c-driver"
| #define PACKAGE_TARNAME "mongo-c-driver"
| #define PACKAGE_VERSION "1.6.3"
| #define PACKAGE_STRING "mongo-c-driver 1.6.3"
| #define PACKAGE_BUGREPORT "https://jira.mongodb.org/browse/CDRIVER"
| #define PACKAGE_URL ""
| #define ACCEPT_ARG2 struct sockaddr
| #define ACCEPT_ARG3 socklen_t
| #define HAVE_TYPEOF 1
| #define STDC_HEADERS 1
| #define HAVE_SYS_TYPES_H 1
| #define HAVE_SYS_STAT_H 1
| #define HAVE_STDLIB_H 1
| #define HAVE_STRING_H 1
| #define HAVE_MEMORY_H 1
| #define HAVE_STRINGS_H 1
| #define HAVE_INTTYPES_H 1
| #define HAVE_STDINT_H 1
| #define HAVE_UNISTD_H 1
| #define HAVE_STRINGS_H 1
| #define HAVE_DLFCN_H 1
| #define LT_OBJDIR ".libs/"
| #define HAVE_SASL_SASL_H 1
| #define HAVE_OPENSSL_BIO_H 1
| #define HAVE_OPENSSL_SSL_H 1
| #define HAVE_OPENSSL_ERR_H 1
| #define HAVE_OPENSSL_CRYPTO_H 1
| #define HAVE_SCHED_GETCPU 1
| #define HAVE_CLOCK_GETTIME 1
| /* end confdefs.h.  */
| #include <pthread.h>
|                         static void routine(void *a) { a = 0; }
|                         static void *start_routine(void *a) { return a; }
| int
| main ()
| {
| pthread_t th; pthread_attr_t attr;
|                         pthread_create(&th, 0, start_routine, 0);
|                         pthread_join(th, 0);
|                         pthread_attr_init(&attr);
|                         pthread_cleanup_push(routine, 0);
|                         pthread_cleanup_pop(0) /* ; */
|   ;
|   return 0;
| }
configure:14013: result: no
configure:13966: checking for the pthreads library -llthread
configure:14004: gcc -o conftest     -DMONGOC_ENABLE_SHM_COUNTERS  conftest.c -llthread  >&5
/usr/bin/ld: cannot find -llthread
collect2: error: ld returned 1 exit status
configure:14004: $? = 1
configure: failed program was:
| /* confdefs.h */
| #define PACKAGE_NAME "mongo-c-driver"
| #define PACKAGE_TARNAME "mongo-c-driver"
| #define PACKAGE_VERSION "1.6.3"
| #define PACKAGE_STRING "mongo-c-driver 1.6.3"
| #define PACKAGE_BUGREPORT "https://jira.mongodb.org/browse/CDRIVER"
| #define PACKAGE_URL ""
| #define ACCEPT_ARG2 struct sockaddr
| #define ACCEPT_ARG3 socklen_t
| #define HAVE_TYPEOF 1
| #define STDC_HEADERS 1
| #define HAVE_SYS_TYPES_H 1
| #define HAVE_SYS_STAT_H 1
| #define HAVE_STDLIB_H 1
| #define HAVE_STRING_H 1
| #define HAVE_MEMORY_H 1
| #define HAVE_STRINGS_H 1
| #define HAVE_INTTYPES_H 1
| #define HAVE_STDINT_H 1
| #define HAVE_UNISTD_H 1
| #define HAVE_STRINGS_H 1
| #define HAVE_DLFCN_H 1
| #define LT_OBJDIR ".libs/"
| #define HAVE_SASL_SASL_H 1
| #define HAVE_OPENSSL_BIO_H 1
| #define HAVE_OPENSSL_SSL_H 1
| #define HAVE_OPENSSL_ERR_H 1
| #define HAVE_OPENSSL_CRYPTO_H 1
| #define HAVE_SCHED_GETCPU 1
| #define HAVE_CLOCK_GETTIME 1
| /* end confdefs.h.  */
| #include <pthread.h>
|                         static void routine(void *a) { a = 0; }
|                         static void *start_routine(void *a) { return a; }
| int
| main ()
| {
| pthread_t th; pthread_attr_t attr;
|                         pthread_create(&th, 0, start_routine, 0);
|                         pthread_join(th, 0);
|                         pthread_attr_init(&attr);
|                         pthread_cleanup_push(routine, 0);
|                         pthread_cleanup_pop(0) /* ; */
|   ;
|   return 0;
| }
configure:14013: result: no
configure:13916: checking whether pthreads work with -pthread
configure:14004: gcc -o conftest  -pthread   -DMONGOC_ENABLE_SHM_COUNTERS  conftest.c   >&5
configure:14004: $? = 0
configure:14013: result: yes
configure:14032: checking for joinable pthread attribute
configure:14047: gcc -o conftest  -pthread  -DMONGOC_ENABLE_SHM_COUNTERS  conftest.c   >&5
configure:14047: $? = 0
configure:14053: result: PTHREAD_CREATE_JOINABLE
configure:14063: checking if more special flags are required for pthreads
configure:14078: result: no
configure:14084: checking for PTHREAD_PRIO_INHERIT
configure:14101: gcc -o conftest  -pthread  -DMONGOC_ENABLE_SHM_COUNTERS  conftest.c   >&5
configure:14101: $? = 0
configure:14110: result: yes
configure:15110: checking whether the linker accepts -Wl,-Bsymbolic
configure:15129: gcc -o conftest   -DMONGOC_ENABLE_SHM_COUNTERS  -Werror  -Wl,-Bsymbolic conftest.c  >&5
configure:15129: $? = 0
configure:15138: result: yes
configure:15178: checking if weak symbols are supported
configure:15195: gcc -o conftest  -O2  -DMONGOC_ENABLE_SHM_COUNTERS  conftest.c  >&5
configure:15195: $? = 0
configure:15196: result: yes
configure:15228: checking whether build environment is sane
configure:15283: result: yes
configure:15429: checking for a thread-safe mkdir -p
configure:15468: result: /usr/bin/mkdir -p
configure:15471: checking whether make sets $(MAKE)
configure:15493: result: yes
configure:15523: checking for style of include used by make
configure:15551: result: GNU
configure:15585: checking whether make supports nested variables
configure:15602: result: yes
configure:15691: checking whether UID '0' is supported by ustar format
configure:15694: result: yes
configure:15701: checking whether GID '0' is supported by ustar format
configure:15704: result: yes
configure:15712: checking how to create a ustar tar archive
configure:15723: tar --version
tar (GNU tar) 1.30
Copyright (C) 2017 Free Software Foundation, Inc.
License GPLv3+: GNU GPL version 3 or later <https://gnu.org/licenses/gpl.html>.
This is free software: you are free to change and redistribute it.
There is NO WARRANTY, to the extent permitted by law.

Written by John Gilmore and Jay Fenlason.
configure:15726: $? = 0
configure:15766: tardir=conftest.dir && eval tar --format=ustar -chf - "$tardir" >conftest.tar
configure:15769: $? = 0
configure:15773: tar -xf - <conftest.tar
configure:15776: $? = 0
configure:15778: cat conftest.dir/file
GrepMe
configure:15781: $? = 0
configure:15794: result: gnutar
configure:15803: checking dependency style of gcc
configure:15914: result: gcc3
configure:15931: checking dependency style of g++
configure:16042: result: gcc3
configure:16111: checking whether make supports nested variables
configure:16128: result: yes
configure:16680: checking that generated files are newer than configure
configure:16686: result: done
configure:16785: creating ./config.status

## ---------------------- ##
## Running config.status. ##
## ---------------------- ##

This file was extended by mongo-c-driver config.status 1.6.3, which was
generated by GNU Autoconf 2.69.  Invocation command line was

  CONFIG_FILES    = 
  CONFIG_HEADERS  = 
  CONFIG_LINKS    = 
  CONFIG_COMMANDS = 
  $ ./config.status 

on cici-server2

config.status:1197: creating Makefile
config.status:1197: creating src/libmongoc-1.0.pc
config.status:1197: creating src/libmongoc-ssl-1.0.pc
config.status:1197: creating src/mongoc/mongoc-config.h
config.status:1197: creating src/mongoc/mongoc-version.h
config.status:1369: executing libtool commands
config.status:1369: executing depfiles commands
configure:19081: === configuring in src/libbson (/home/cici/mongo-c-driver-1.6.3/src/libbson)
configure:19144: running /bin/bash ./configure --disable-option-checking '--prefix=/usr/local'  '--disable-automatic-init-and-cleanup' --cache-file=/dev/null --srcdir=.

## ---------------- ##
## Cache variables. ##
## ---------------- ##

ac_cv_build=x86_64-pc-linux-gnu
ac_cv_c_compiler_gnu=yes
ac_cv_c_const=yes
ac_cv_c_inline=inline
ac_cv_c_typeof=typeof
ac_cv_cxx_compiler_gnu=yes
ac_cv_env_BSON_CFLAGS_set=
ac_cv_env_BSON_CFLAGS_value=
ac_cv_env_BSON_LIBS_set=
ac_cv_env_BSON_LIBS_value=
ac_cv_env_CCC_set=
ac_cv_env_CCC_value=
ac_cv_env_CC_set=
ac_cv_env_CC_value=
ac_cv_env_CFLAGS_set=
ac_cv_env_CFLAGS_value=
ac_cv_env_CPPFLAGS_set=
ac_cv_env_CPPFLAGS_value=
ac_cv_env_CPP_set=
ac_cv_env_CPP_value=
ac_cv_env_CXXCPP_set=
ac_cv_env_CXXCPP_value=
ac_cv_env_CXXFLAGS_set=
ac_cv_env_CXXFLAGS_value=
ac_cv_env_CXX_set=
ac_cv_env_CXX_value=
ac_cv_env_LDFLAGS_set=
ac_cv_env_LDFLAGS_value=
ac_cv_env_LIBS_set=
ac_cv_env_LIBS_value=
ac_cv_env_LT_SYS_LIBRARY_PATH_set=
ac_cv_env_LT_SYS_LIBRARY_PATH_value=
ac_cv_env_PKG_CONFIG_LIBDIR_set=
ac_cv_env_PKG_CONFIG_LIBDIR_value=
ac_cv_env_PKG_CONFIG_PATH_set=
ac_cv_env_PKG_CONFIG_PATH_value=
ac_cv_env_PKG_CONFIG_set=
ac_cv_env_PKG_CONFIG_value=
ac_cv_env_SASL_CFLAGS_set=
ac_cv_env_SASL_CFLAGS_value=
ac_cv_env_SASL_LIBS_set=
ac_cv_env_SASL_LIBS_value=
ac_cv_env_SSL_CFLAGS_set=
ac_cv_env_SSL_CFLAGS_value=
ac_cv_env_SSL_LIBS_set=
ac_cv_env_SSL_LIBS_value=
ac_cv_env_build_alias_set=
ac_cv_env_build_alias_value=
ac_cv_env_host_alias_set=
ac_cv_env_host_alias_value=
ac_cv_env_target_alias_set=
ac_cv_env_target_alias_value=
ac_cv_func_sched_getcpu=yes
ac_cv_func_shm_open=no
ac_cv_header_dlfcn_h=yes
ac_cv_header_inttypes_h=yes
ac_cv_header_memory_h=yes
ac_cv_header_openssl_bio_h=yes
ac_cv_header_openssl_crypto_h=yes
ac_cv_header_openssl_err_h=yes
ac_cv_header_openssl_ssl_h=yes
ac_cv_header_sasl_sasl_h=yes
ac_cv_header_stdc=yes
ac_cv_header_stdint_h=yes
ac_cv_header_stdlib_h=yes
ac_cv_header_string_h=yes
ac_cv_header_strings_h=yes
ac_cv_header_sys_stat_h=yes
ac_cv_header_sys_types_h=yes
ac_cv_header_unistd_h=yes
ac_cv_host=x86_64-pc-linux-gnu
ac_cv_lib_rt_shm_open=yes
ac_cv_lib_sasl2_sasl_client_done=yes
ac_cv_objext=o
ac_cv_path_EGREP='/usr/bin/grep -E'
ac_cv_path_FGREP='/usr/bin/grep -F'
ac_cv_path_GREP=/usr/bin/grep
ac_cv_path_MV=/usr/bin/mv
ac_cv_path_PERL=/usr/bin/perl
ac_cv_path_SED=/usr/bin/sed
ac_cv_path_ac_pt_PKG_CONFIG=/usr/bin/pkg-config
ac_cv_path_install='/usr/bin/install -c'
ac_cv_path_lt_DD=/usr/bin/dd
ac_cv_path_mkdir=/usr/bin/mkdir
ac_cv_prog_AWK=gawk
ac_cv_prog_CPP='gcc -E'
ac_cv_prog_CXXCPP='g++ -E'
ac_cv_prog_ac_ct_AR=ar
ac_cv_prog_ac_ct_CC=gcc
ac_cv_prog_ac_ct_CXX=g++
ac_cv_prog_ac_ct_DLLTOOL=dlltool
ac_cv_prog_ac_ct_MANIFEST_TOOL=mt
ac_cv_prog_ac_ct_OBJDUMP=objdump
ac_cv_prog_ac_ct_RANLIB=ranlib
ac_cv_prog_ac_ct_STRIP=strip
ac_cv_prog_cc_c89=
ac_cv_prog_cc_g=yes
ac_cv_prog_cxx_g=yes
ac_cv_prog_make_make_set=yes
ac_cv_search_clock_gettime='none required'
ac_cv_target=x86_64-pc-linux-gnu
ac_cv_type_socklen_t=yes
am_cv_CC_dependencies_compiler_type=gcc3
am_cv_CXX_dependencies_compiler_type=gcc3
am_cv_make_support_nested_variables=yes
am_cv_prog_cc_c_o=yes
am_cv_prog_tar_ustar=gnutar
ax_cv_PTHREAD_PRIO_INHERIT=yes
ax_cv_check_ldflags__Werror___Wl__Bsymbolic=yes
lt_cv_ar_at_file=@
lt_cv_archive_cmds_need_lc=no
lt_cv_deplibs_check_method=pass_all
lt_cv_file_magic_cmd='$MAGIC_CMD'
lt_cv_file_magic_test_file=
lt_cv_ld_reload_flag=-r
lt_cv_nm_interface='BSD nm'
lt_cv_objdir=.libs
lt_cv_path_LD=/usr/bin/ld
lt_cv_path_LDCXX='/usr/bin/ld -m elf_x86_64'
lt_cv_path_NM='/usr/bin/nm -B'
lt_cv_path_mainfest_tool=no
lt_cv_prog_compiler_c_o=yes
lt_cv_prog_compiler_c_o_CXX=yes
lt_cv_prog_compiler_pic='-fPIC -DPIC'
lt_cv_prog_compiler_pic_CXX='-fPIC -DPIC'
lt_cv_prog_compiler_pic_works=yes
lt_cv_prog_compiler_pic_works_CXX=yes
lt_cv_prog_compiler_rtti_exceptions=no
lt_cv_prog_compiler_static_works=yes
lt_cv_prog_compiler_static_works_CXX=yes
lt_cv_prog_gnu_ld=yes
lt_cv_prog_gnu_ldcxx=yes
lt_cv_sharedlib_from_linklib_cmd='printf %s\n'
lt_cv_shlibpath_overrides_runpath=yes
lt_cv_sys_global_symbol_pipe='sed -n -e '\''s/^.*[	 ]\([ABCDGIRSTW][ABCDGIRSTW]*\)[	 ][	 ]*\([_A-Za-z][_A-Za-z0-9]*\)$/\1 \2 \2/p'\'' | sed '\''/ __gnu_lto/d'\'''
lt_cv_sys_global_symbol_to_c_name_address='sed -n -e '\''s/^: \(.*\) .*$/  {"\1", (void *) 0},/p'\'' -e '\''s/^[ABCDGIRSTW][ABCDGIRSTW]* .* \(.*\)$/  {"\1", (void *) \&\1},/p'\'''
lt_cv_sys_global_symbol_to_c_name_address_lib_prefix='sed -n -e '\''s/^: \(.*\) .*$/  {"\1", (void *) 0},/p'\'' -e '\''s/^[ABCDGIRSTW][ABCDGIRSTW]* .* \(lib.*\)$/  {"\1", (void *) \&\1},/p'\'' -e '\''s/^[ABCDGIRSTW][ABCDGIRSTW]* .* \(.*\)$/  {"lib\1", (void *) \&\1},/p'\'''
lt_cv_sys_global_symbol_to_cdecl='sed -n -e '\''s/^T .* \(.*\)$/extern int \1();/p'\'' -e '\''s/^[ABCDGIRSTW][ABCDGIRSTW]* .* \(.*\)$/extern char \1;/p'\'''
lt_cv_sys_global_symbol_to_import=
lt_cv_sys_max_cmd_len=1572864
lt_cv_to_host_file_cmd=func_convert_file_noop
lt_cv_to_tool_file_cmd=func_convert_file_noop
lt_cv_truncate_bin='/usr/bin/dd bs=4096 count=1'
pkg_cv_SASL_CFLAGS=
pkg_cv_SASL_LIBS=-lsasl2
pkg_cv_SSL_CFLAGS=
pkg_cv_SSL_LIBS='-lssl -lcrypto'

## ----------------- ##
## Output variables. ##
## ----------------- ##

ACCEPT_ARG2='struct sockaddr'
ACCEPT_ARG3='socklen_t'
ACLOCAL='${SHELL} /home/cici/mongo-c-driver-1.6.3/build/autotools/missing aclocal-1.15'
ACLOCAL_AMFLAGS='-I build/autotools'
AMDEPBACKSLASH='\'
AMDEP_FALSE='#'
AMDEP_TRUE=''
AMTAR='$${TAR-tar}'
AM_BACKSLASH='\'
AM_DEFAULT_V='$(AM_DEFAULT_VERBOSITY)'
AM_DEFAULT_VERBOSITY='0'
AM_V='$(V)'
AR='ar'
AS='as'
AUTOCONF='${SHELL} /home/cici/mongo-c-driver-1.6.3/build/autotools/missing autoconf'
AUTOHEADER='${SHELL} /home/cici/mongo-c-driver-1.6.3/build/autotools/missing autoheader'
AUTOMAKE='${SHELL} /home/cici/mongo-c-driver-1.6.3/build/autotools/missing automake-1.15'
AWK='gawk'
BSON_CFLAGS='-I./src/libbson/src/bson -Isrc/libbson/src/bson'
BSON_LIBS='src/libbson/libbson-1.0.la'
BSON_OS='1'
CC='gcc'
CCDEPMODE='depmode=gcc3'
CFLAGS=' -O2'
COMPILER_CLANG_FALSE=''
COMPILER_CLANG_TRUE='#'
COMPILER_GCC_FALSE=''
COMPILER_GCC_TRUE='#'
COVERAGE_CFLAGS=''
COVERAGE_LDFLAGS=''
CPP='gcc -E'
CPPFLAGS=' -DMONGOC_ENABLE_SHM_COUNTERS'
CXX='g++'
CXXCPP='g++ -E'
CXXDEPMODE='depmode=gcc3'
CXXFLAGS=''
CYGPATH_W='echo'
DEFS='-DPACKAGE_NAME=\"mongo-c-driver\" -DPACKAGE_TARNAME=\"mongo-c-driver\" -DPACKAGE_VERSION=\"1.6.3\" -DPACKAGE_STRING=\"mongo-c-driver\ 1.6.3\" -DPACKAGE_BUGREPORT=\"https://jira.mongodb.org/browse/CDRIVER\" -DPACKAGE_URL=\"\" -DACCEPT_ARG2=struct\ sockaddr -DACCEPT_ARG3=socklen_t -DHAVE_TYPEOF=1 -DSTDC_HEADERS=1 -DHAVE_SYS_TYPES_H=1 -DHAVE_SYS_STAT_H=1 -DHAVE_STDLIB_H=1 -DHAVE_STRING_H=1 -DHAVE_MEMORY_H=1 -DHAVE_STRINGS_H=1 -DHAVE_INTTYPES_H=1 -DHAVE_STDINT_H=1 -DHAVE_UNISTD_H=1 -DHAVE_STRINGS_H=1 -DHAVE_DLFCN_H=1 -DLT_OBJDIR=\".libs/\" -DHAVE_SASL_SASL_H=1 -DHAVE_OPENSSL_BIO_H=1 -DHAVE_OPENSSL_SSL_H=1 -DHAVE_OPENSSL_ERR_H=1 -DHAVE_OPENSSL_CRYPTO_H=1 -DHAVE_SCHED_GETCPU=1 -DHAVE_CLOCK_GETTIME=1 -DHAVE_PTHREAD_PRIO_INHERIT=1 -DHAVE_PTHREAD=1 -DPACKAGE=\"mongo-c-driver\" -DVERSION=\"1.6.3\"'
DEPDIR='.deps'
DLLTOOL='dlltool'
DSYMUTIL=''
DUMPBIN=''
ECHO_C=''
ECHO_N='-n'
ECHO_T=''
EGREP='/usr/bin/grep -E'
ENABLE_CRYPTO_CNG_FALSE=''
ENABLE_CRYPTO_CNG_TRUE='#'
ENABLE_CRYPTO_COMMON_CRYPTO_FALSE=''
ENABLE_CRYPTO_COMMON_CRYPTO_TRUE='#'
ENABLE_CRYPTO_FALSE='#'
ENABLE_CRYPTO_LIBCRYPTO_FALSE='#'
ENABLE_CRYPTO_LIBCRYPTO_TRUE=''
ENABLE_CRYPTO_TRUE=''
ENABLE_DEBUG_FALSE=''
ENABLE_DEBUG_TRUE='#'
ENABLE_EXAMPLES_FALSE='#'
ENABLE_EXAMPLES_TRUE=''
ENABLE_HTML_DOCS_FALSE=''
ENABLE_HTML_DOCS_TRUE='#'
ENABLE_LIBBSON_FALSE='#'
ENABLE_LIBBSON_TRUE=''
ENABLE_MAN_PAGES_FALSE=''
ENABLE_MAN_PAGES_TRUE='#'
ENABLE_PTHREADS_FALSE=''
ENABLE_PTHREADS_TRUE='#'
ENABLE_SASL_FALSE='#'
ENABLE_SASL_TRUE=''
ENABLE_SSL_FALSE='#'
ENABLE_SSL_LIBRESSL_FALSE=''
ENABLE_SSL_LIBRESSL_TRUE='#'
ENABLE_SSL_OPENSSL_FALSE='#'
ENABLE_SSL_OPENSSL_TRUE=''
ENABLE_SSL_SECURE_CHANNEL_FALSE=''
ENABLE_SSL_SECURE_CHANNEL_TRUE='#'
ENABLE_SSL_SECURE_TRANSPORT_FALSE=''
ENABLE_SSL_SECURE_TRANSPORT_TRUE='#'
ENABLE_SSL_TRUE=''
ENABLE_STDBOOL_FALSE=''
ENABLE_STDBOOL_TRUE='#'
ENABLE_TESTS_FALSE='#'
ENABLE_TESTS_TRUE=''
EXEEXT=''
EXPLICIT_LIBS_FALSE='#'
EXPLICIT_LIBS_TRUE=''
FGREP='/usr/bin/grep -F'
GREP='/usr/bin/grep'
INSTALL_DATA='${INSTALL} -m 644'
INSTALL_PROGRAM='${INSTALL}'
INSTALL_SCRIPT='${INSTALL}'
INSTALL_STRIP_PROGRAM='$(install_sh) -c -s'
LD='/usr/bin/ld -m elf_x86_64'
LDFLAGS=''
LIBC_FEATURES='-D_GNU_SOURCE'
LIBOBJS=''
LIBS=''
LIBTOOL='$(SHELL) $(top_builddir)/libtool'
LIPO=''
LN_S='ln -s'
LTLIBOBJS=''
LT_SYS_LIBRARY_PATH=''
MAINTAINER_CFLAGS=''
MAKEINFO='${SHELL} /home/cici/mongo-c-driver-1.6.3/build/autotools/missing makeinfo'
MANIFEST_TOOL=':'
MKDIR_P='/usr/bin/mkdir -p'
MONGOC_API_VERSION='1.0'
MONGOC_CC='gcc'
MONGOC_ENABLE_CRYPTO='1'
MONGOC_ENABLE_CRYPTO_CNG='0'
MONGOC_ENABLE_CRYPTO_COMMON_CRYPTO='0'
MONGOC_ENABLE_CRYPTO_LIBCRYPTO='1'
MONGOC_ENABLE_CRYPTO_SYSTEM_PROFILE='0'
MONGOC_ENABLE_SASL='1'
MONGOC_ENABLE_SASL_CYRUS='1'
MONGOC_ENABLE_SASL_SSPI='0'
MONGOC_ENABLE_SSL='1'
MONGOC_ENABLE_SSL_LIBRESSL='0'
MONGOC_ENABLE_SSL_OPENSSL='1'
MONGOC_ENABLE_SSL_SECURE_CHANNEL='0'
MONGOC_ENABLE_SSL_SECURE_TRANSPORT='0'
MONGOC_HAVE_SASL_CLIENT_DONE='1'
MONGOC_HAVE_SOCKLEN='1'
MONGOC_HAVE_WEAK_SYMBOLS='1'
MONGOC_MAJOR_VERSION='1'
MONGOC_MICRO_VERSION='3'
MONGOC_MINOR_VERSION='6'
MONGOC_NO_AUTOMATIC_GLOBALS='1'
MONGOC_PRERELEASE_VERSION=''
MONGOC_RELEASED_MAJOR_VERSION='1'
MONGOC_RELEASED_MICRO_VERSION='3'
MONGOC_RELEASED_MINOR_VERSION='6'
MONGOC_RELEASED_PRERELEASE_VERSION=''
MONGOC_RELEASED_VERSION='1.6.3'
MONGOC_SOCKET_ARG2='struct sockaddr'
MONGOC_SOCKET_ARG3='socklen_t'
MONGOC_USER_SET_CFLAGS=''
MONGOC_USER_SET_LDFLAGS=''
MONGOC_VERSION='1.6.3'
MV='/usr/bin/mv'
NM='/usr/bin/nm -B'
NMEDIT=''
OBJDUMP='objdump'
OBJEXT='o'
OPTIMIZE_CFLAGS=''
OPTIMIZE_LDFLAGS=' -Wl,-Bsymbolic'
OS_DARWIN_FALSE=''
OS_DARWIN_TRUE='#'
OS_FREEBSD_FALSE=''
OS_FREEBSD_TRUE='#'
OS_GNU_FALSE='#'
OS_GNU_TRUE=''
OS_LINUX_FALSE='#'
OS_LINUX_TRUE=''
OS_SOLARIS_FALSE=''
OS_SOLARIS_TRUE='#'
OS_UNIX_FALSE='#'
OS_UNIX_TRUE=''
OS_WIN32_FALSE=''
OS_WIN32_TRUE='#'
OTOOL64=''
OTOOL=''
PACKAGE='mongo-c-driver'
PACKAGE_BUGREPORT='https://jira.mongodb.org/browse/CDRIVER'
PACKAGE_NAME='mongo-c-driver'
PACKAGE_STRING='mongo-c-driver 1.6.3'
PACKAGE_TARNAME='mongo-c-driver'
PACKAGE_URL=''
PACKAGE_VERSION='1.6.3'
PATH_SEPARATOR=':'
PERL='/usr/bin/perl'
PKG_CONFIG='/usr/bin/pkg-config'
PKG_CONFIG_LIBDIR=''
PKG_CONFIG_PATH=''
PTHREAD_CC='gcc'
PTHREAD_CFLAGS='-pthread'
PTHREAD_LIBS=''
RANLIB='ranlib'
SASL_CFLAGS=''
SASL_LIBS='-lsasl2'
SED='/usr/bin/sed'
SET_MAKE=''
SHELL='/bin/bash'
SHM_LIB='-lrt'
SPHINX_BUILD=''
SSL_CFLAGS=''
SSL_LIBS='-lssl -lcrypto'
STRIP='strip'
VERSION='1.6.3'
WITH_LIBBSON_FALSE='#'
WITH_LIBBSON_TRUE=''
ac_ct_AR='ar'
ac_ct_CC='gcc'
ac_ct_CXX='g++'
ac_ct_DUMPBIN=''
am__EXEEXT_FALSE=''
am__EXEEXT_TRUE='#'
am__fastdepCC_FALSE='#'
am__fastdepCC_TRUE=''
am__fastdepCXX_FALSE='#'
am__fastdepCXX_TRUE=''
am__include='include'
am__isrc=''
am__leading_dot='.'
am__nodep='_no'
am__quote=''
am__tar='tar --format=ustar -chf - "$$tardir"'
am__untar='tar -xf -'
ax_pthread_config=''
bindir='${exec_prefix}/bin'
build='x86_64-pc-linux-gnu'
build_alias=''
build_cpu='x86_64'
build_os='linux-gnu'
build_vendor='pc'
datadir='${datarootdir}'
datarootdir='${prefix}/share'
docdir='${datarootdir}/doc/${PACKAGE_TARNAME}'
dvidir='${docdir}'
exec_prefix='${prefix}'
host='x86_64-pc-linux-gnu'
host_alias=''
host_cpu='x86_64'
host_os='linux-gnu'
host_vendor='pc'
htmldir='${docdir}'
includedir='${prefix}/include'
infodir='${datarootdir}/info'
install_sh='${SHELL} /home/cici/mongo-c-driver-1.6.3/build/autotools/install-sh'
libdir='${exec_prefix}/lib'
libexecdir='${exec_prefix}/libexec'
localedir='${datarootdir}/locale'
localstatedir='${prefix}/var'
mandir='${datarootdir}/man'
mkdir_p='$(MKDIR_P)'
oldincludedir='/usr/include'
pdfdir='${docdir}'
prefix='/usr/local'
program_transform_name='s,x,x,'
psdir='${docdir}'
runstatedir='${localstatedir}/run'
sbindir='${exec_prefix}/sbin'
sharedstatedir='${prefix}/com'
subdirs=' src/libbson'
sysconfdir='${prefix}/etc'
target='x86_64-pc-linux-gnu'
target_alias=''
target_cpu='x86_64'
target_os='linux-gnu'
target_vendor='pc'

## ----------- ##
## confdefs.h. ##
## ----------- ##

/* confdefs.h */
#define PACKAGE_NAME "mongo-c-driver"
#define PACKAGE_TARNAME "mongo-c-driver"
#define PACKAGE_VERSION "1.6.3"
#define PACKAGE_STRING "mongo-c-driver 1.6.3"
#define PACKAGE_BUGREPORT "https://jira.mongodb.org/browse/CDRIVER"
#define PACKAGE_URL ""
#define ACCEPT_ARG2 struct sockaddr
#define ACCEPT_ARG3 socklen_t
#define HAVE_TYPEOF 1
#define STDC_HEADERS 1
#define HAVE_SYS_TYPES_H 1
#define HAVE_SYS_STAT_H 1
#define HAVE_STDLIB_H 1
#define HAVE_STRING_H 1
#define HAVE_MEMORY_H 1
#define HAVE_STRINGS_H 1
#define HAVE_INTTYPES_H 1
#define HAVE_STDINT_H 1
#define HAVE_UNISTD_H 1
#define HAVE_STRINGS_H 1
#define HAVE_DLFCN_H 1
#define LT_OBJDIR ".libs/"
#define HAVE_SASL_SASL_H 1
#define HAVE_OPENSSL_BIO_H 1
#define HAVE_OPENSSL_SSL_H 1
#define HAVE_OPENSSL_ERR_H 1
#define HAVE_OPENSSL_CRYPTO_H 1
#define HAVE_SCHED_GETCPU 1
#define HAVE_CLOCK_GETTIME 1
#define HAVE_PTHREAD_PRIO_INHERIT 1
#define HAVE_PTHREAD 1
#define PACKAGE "mongo-c-driver"
#define VERSION "1.6.3"

configure: exit 0
